<?xml version="1.0" encoding="UTF-8"?>
<beans xmlns="http://www.springframework.org/schema/beans"
    xmlns:xsi="http://www.w3.org/2001/XMLSchema-instance"
    xmlns:aop="http://www.springframework.org/schema/aop"
    xsi:schemaLocation="http://www.springframework.org/schema/beans
                http://www.springframework.org/schema/beans/spring-beans-3.0.xsd
                http://www.springframework.org/schema/aop
                http://www.springframework.org./schema/aop/spring-aop-3.0.xsd">
                
    <bean id="connectionMaker" class="springbook.user.dao.ConnectionMakerImpl"></bean>
    
    <bean id="userDao" class="springbook.user.dao.UserDaoJdbc">
        <property name="dataSource" ref="dataSource"></property>
    </bean>

    <bean id="dataSource" class="org.springframework.jdbc.datasource.SimpleDriverDataSource">
        <property name="driverClass" value="org.postgresql.Driver"></property>
        <property name="url" value="jdbc:postgresql://130.162.157.215:5432/shock"></property>
        <property name="username" value="shock"></property>
        <property name="password" value="Kth973897G@#$"></property>
    </bean>
    
    <bean id="userService" class="springbook.user.service.UserServiceImpl">
        <property name="userDao" ref="userDao"></property>
        <property name="mailSender" ref="mailSender"></property>
    </bean>
    
    <bean id="testUserService" class="springbook.user.service.UserServiceTest$TestUserServiceImpl" parent="userService"></bean>
    
    <!-- <bean id="mailSender" class="org.springframework.mail.javamail.JavaMailSenderImpl">
        <property name="host" value="mail.server.com"></property>
    </bean> -->
    
    <bean id="mailSender" class="springbook.user.service.DummyMailSender"></bean>
    
    <bean id="transactionManager" class="org.springframework.jdbc.datasource.DataSourceTransactionManager">
        <property name="dataSource" ref="dataSource"></property>
    </bean>
    
    <bean id="transactionAdvice" class="springbook.user.service.TransactionAdvice">
        <property name="transactionManager" ref="transactionManager"></property>
    </bean>
    
    <bean id="transactionPointcut" class="org.springframework.aop.aspectj.AspectJExpressionPointcut">
        <property name="expression" value="execution(* *..*ServiceImpl.upgrade*(..))"></property>
    </bean>
    
    <bean id="transactionAdvisor" class="org.springframework.aop.support.DefaultPointcutAdvisor">
        <property name="advice" ref="transactionAdvice"></property>
        <property name="pointcut" ref="transactionPointcut"></property>
    </bean>
    
    <bean class="org.springframework.aop.framework.autoproxy.DefaultAdvisorAutoProxyCreator"></bean>
</beans>