<?xml version="1.0" encoding="UTF-8"?>
<beans xmlns="http://www.springframework.org/schema/beans"
    xmlns:xsi="http://www.w3.org/2001/XMLSchema-instance"
    xmlns:aop="http://www.springframework.org/schema/aop"
    xmlns:context="http://www.springframework.org/schema/context"
    xmlns:tx="http://www.springframework.org/schema/tx"
    xmlns:jdbc="http://www.springframework.org/schema/jdbc"
    xsi:schemaLocation="http://www.springframework.org/schema/beans
                http://www.springframework.org/schema/beans/spring-beans-3.0.xsd
                http://www.springframework.org/schema/aop
                http://www.springframework.org/schema/aop/spring-aop-3.0.xsd
                http://www.springframework.org/schema/context
                http://www.springframework.org/schema/context/spring-context-3.0.xsd
                http://www.springframework.org/schema/tx
                http://www.springframework.org/schema/tx/spring-tx-3.0.xsd
                http://www.springframework.org/schema/jdbc
                http://www.springframework.org/schema/jdbc/spring-jdbc-3.0.xsd">
                
    <bean id="connectionMaker" class="springbook.user.dao.ConnectionMakerImpl"></bean>
    
    <bean id="userDao" class="springbook.user.dao.UserDaoJdbc">
        <property name="dataSource" ref="dataSource"></property>
        <property name="sqlService" ref="sqlService"></property>
    </bean>
    
    <!-- <bean id="sqlService" class="springbook.user.sqlservice.XmlSqlService">
        <property name="sqlReader" ref="sqlReader"></property>
        <property name="sqlRegistry" ref="sqlRegistry"></property>
    </bean> -->
    
    <bean id="sqlService" class="springbook.user.sqlservice.OxmSqlService">
        <property name="unmarshaller" ref="unmarshaller"></property>
        <property name="sqlmap" value="classpath:springbook/user/dao/sqlmap.xml"></property>
    </bean>
    
    <bean id="unmarshaller" class="org.springframework.oxm.jaxb.Jaxb2Marshaller">
        <property name="contextPath" value="springbook.user.sqlservice.jaxb"></property>
    </bean>
    
    <bean id="sqlRegistry" class="springbook.issuetracker.sqlservice.updatable.EmbeddedDbSqlRegistry">
        <property name="dataSource" ref="embeddedDatabase"></property>
    </bean>
    
    <bean id="sqlReader" class="springbook.user.sqlservice.JaxbXmlSqlReader">
        <property name="sqlMapFile" value="sqlmap.xml"></property>
    </bean>

    <bean id="userService" class="springbook.user.service.UserServiceImpl">
        <property name="userDao" ref="userDao"></property>
        <property name="mailSender" ref="mailSender"></property>
    </bean>
    
    <bean id="testUserService" class="springbook.user.service.UserServiceTest$TestUserServiceImpl" parent="userService"></bean>
    
    <!-- <bean id="mailSender" class="org.springframework.mail.javamail.JavaMailSenderImpl">
        <property name="host" value="mail.server.com"></property>
    </bean> -->
    
    <bean id="mailSender" class="springbook.user.service.DummyMailSender"></bean>
    
    <bean class="org.springframework.aop.framework.autoproxy.DefaultAdvisorAutoProxyCreator"></bean>
    
    <tx:annotation-driven/>
    
    
    <jdbc:embedded-database id="embeddedDatabase" type="HSQL">
        <jdbc:script location="classpath:springbook/issuetracker/sqlservice/updatable/sqlRegistrySchema.txt"></jdbc:script>
    </jdbc:embedded-database>
    
</beans>